<?xml version="1.0" encoding="UTF-8" standalone="no"?>
<!DOCTYPE isopackager PUBLIC
        "-//jPOS/jPOS Generic Packager DTD 1.0//EN"
        "http://jpos.org/dtd/generic-packager-1.0.dtd">

<isopackager>
  <isofield
      id="0"
      length="4"
      name="MESSAGE TYPE INDICATOR"
      class="org.jpos.iso.IFA_NUMERIC"/>
  <isofield
      id="1"
      length="16"
      name="BIT MAP"
      class="org.jpos.iso.IFA_BITMAP"/>
  <isofield
      id="11"
      length="6"
      name="SYSTEM TRACE AUDIT NUMBER"
      class="org.jpos.iso.IFA_NUMERIC"/>
  <isofield
      id="35"
      length="37"
      name="TRACK 2 DATA"
      class="org.jpos.iso.IFA_LLNUM"/>
  <isofield
      id="39"
      length="2"
      name="RESPONSE CODE"
      class="org.jpos.iso.IF_CHAR"/>
  <isofield
      id="41"
      length="8"
      name="CARD ACCEPTOR TERMINAL IDENTIFICACION"
      class="org.jpos.iso.IF_CHAR"/>

  <isofieldpackager id="43"
      name="CARD ACCEPTOR LOCATION"
      length="40"
      class="org.jpos.iso.IFB_BINARY"
      packager="org.jpos.iso.packager.GenericSubFieldPackager"
      emitBitmap="false"
      firstField="1"
      maxValidField="3">
    <isofield id="1"
        name="NAME"
        length="25"
        pad="false"
        class="org.jpos.iso.IF_CHAR"/>
    <isofield id="2"
        name="CITY"
        length="13"
        pad="false"
        class="org.jpos.iso.IF_CHAR"/>
    <isofield id="3"
        name="COUNTRY"
        length="2"
        pad="false"
        class="org.jpos.iso.IF_CHAR"/>
  </isofieldpackager>

  <isofieldpackager
      id="48"
      length="40"
      name="ADDITIONAL DATA"
      class="org.jpos.iso.IFA_LLLCHAR"
      token="00000"
      packager="org.jpos.tlv.packager.TaggedSequencePackager">
    <isofield
        id="1"
        length="99"
        token="####"
        name="Default Tag Packager"
        class="org.jpos.tlv.packager.IFTA_LLLBINARY"/>
    <isofield
        id="2"
        length="99"
        token="a2"
        name="Cardholder Transaction Date and Time"
        class="org.jpos.tlv.packager.IFTA_LLNUM"/>
    <isofield
        id="3"
        length="99"
        token="a1"
        name="Settlement Indicator"
        class="org.jpos.tlv.packager.IFTA_LLLCHAR"/>
  </isofieldpackager>

  <isofieldpackager
      id="55"
      length="255"
      name="ICC DATA"
      class="org.jpos.iso.IFB_LLHBINARY"
      emitBitmap="false"
      packager="org.jpos.tlv.packager.bertlv.BERTLVBinaryPackager"/>

  <isofield
      id="52"
      length="8"
      name="PIN DATA"
      class="org.jpos.iso.IFA_BINARY"/>
  <isofield
      id="64"
      length="8"
      name="MESSAGE AUTHENTICATION CODE FIELD"
      class="org.jpos.iso.IFA_BINARY"/>
  <isofield
      id="65"
      length="1"
      name="BITMAP, EXTENDED"
      class="org.jpos.iso.IFA_BINARY"/>
  <isofield
      id="70"
      length="3"
      name="NETWORK MANAGEMENT INFORMATION CODE"
      class="org.jpos.iso.IFA_NUMERIC"/>
  <isofield
      id="96"
      length="16"
      name="MESSAGE SECURITY CODE"
      class="org.jpos.iso.IFA_BINARY"/>
  <isofield
      id="127"
      length="999"
      name="RESERVED PRIVATE USE"
      class="org.jpos.iso.IFA_LLLCHAR"/>
  <isofield
      id="128"
      length="8"
      name="MAC 2"
      class="org.jpos.iso.IFA_BINARY"/>
  <isofield
      id="131"
      length="5"
      name="TERMINAL VERIFICATION RESULTS"
      class="org.jpos.iso.IF_CHAR"/>
  <isofield
      id="192"
      length="8"
      name="MAC 3"
      class="org.jpos.iso.IFA_BINARY"/>
</isopackager>
